This is pdfTeX, Version 3.141592653-2.6-1.40.27 (TeX Live 2025/Homebrew) (preloaded format=pdflatex 2025.3.15)  3 SEP 2025 08:36
entering extended mode
 restricted \write18 enabled.
 file:line:error style messages enabled.
 %&-line parsing enabled.
**Maturaarbeit.tex
(./Maturaarbeit.tex
LaTeX2e <2024-11-01> patch level 2
L3 programming layer <2025-01-18>
(/home/linuxbrew/.linuxbrew/Cellar/texlive/20250308_1/share/texmf-dist/tex/latex/base/article.cls
Document Class: article 2024/06/29 v1.4n Standard LaTeX document class
(/home/linuxbrew/.linuxbrew/Cellar/texlive/20250308_1/share/texmf-dist/tex/latex/base/size10.clo
File: size10.clo 2024/06/29 v1.4n Standard LaTeX file (size option)
)
\c@part=\count196
\c@section=\count197
\c@subsection=\count198
\c@subsubsection=\count199
\c@paragraph=\count266
\c@subparagraph=\count267
\c@figure=\count268
\c@table=\count269
\abovecaptionskip=\skip49
\belowcaptionskip=\skip50
\bibindent=\dimen141
) (/home/linuxbrew/.linuxbrew/Cellar/texlive/20250308_1/share/texmf-dist/tex/latex/xcolor/xcolor.sty
Package: xcolor 2024/09/29 v3.02 LaTeX color extensions (UK)
 (/home/linuxbrew/.linuxbrew/Cellar/texlive/20250308_1/share/texmf-dist/tex/latex/graphics-cfg/color.cfg
File: color.cfg 2016/01/02 v1.6 sample color configuration
)
Package xcolor Info: Driver file: pdftex.def on input line 274.
 (/home/linuxbrew/.linuxbrew/Cellar/texlive/20250308_1/share/texmf-dist/tex/latex/graphics-def/pdftex.def
File: pdftex.def 2024/04/13 v1.2c Graphics/color driver for pdftex
) (/home/linuxbrew/.linuxbrew/Cellar/texlive/20250308_1/share/texmf-dist/tex/latex/graphics/mathcolor.ltx)
Package xcolor Info: Model `cmy' substituted by `cmy0' on input line 1349.
Package xcolor Info: Model `hsb' substituted by `rgb' on input line 1353.
Package xcolor Info: Model `RGB' extended on input line 1365.
Package xcolor Info: Model `HTML' substituted by `rgb' on input line 1367.
Package xcolor Info: Model `Hsb' substituted by `hsb' on input line 1368.
Package xcolor Info: Model `tHsb' substituted by `hsb' on input line 1369.
Package xcolor Info: Model `HSB' substituted by `hsb' on input line 1370.
Package xcolor Info: Model `Gray' substituted by `gray' on input line 1371.
Package xcolor Info: Model `wave' substituted by `hsb' on input line 1372.
) (/home/linuxbrew/.linuxbrew/Cellar/texlive/20250308_1/share/texmf-dist/tex/latex/base/textcomp.sty
Package: textcomp 2024/04/24 v2.1b Standard LaTeX package
) (/home/linuxbrew/.linuxbrew/Cellar/texlive/20250308_1/share/texmf-dist/tex/latex/hyperref/hyperref.sty
Package: hyperref 2024-11-05 v7.01l Hypertext links for LaTeX
 (/home/linuxbrew/.linuxbrew/Cellar/texlive/20250308_1/share/texmf-dist/tex/generic/iftex/iftex.sty
Package: iftex 2024/12/12 v1.0g TeX engine tests
) (/home/linuxbrew/.linuxbrew/Cellar/texlive/20250308_1/share/texmf-dist/tex/latex/graphics/keyval.sty
Package: keyval 2022/05/29 v1.15 key=value parser (DPC)
\KV@toks@=\toks17
) (/home/linuxbrew/.linuxbrew/Cellar/texlive/20250308_1/share/texmf-dist/tex/latex/kvsetkeys/kvsetkeys.sty
Package: kvsetkeys 2022-10-05 v1.19 Key value parser (HO)
) (/home/linuxbrew/.linuxbrew/Cellar/texlive/20250308_1/share/texmf-dist/tex/generic/kvdefinekeys/kvdefinekeys.sty
Package: kvdefinekeys 2019-12-19 v1.6 Define keys (HO)
) (/home/linuxbrew/.linuxbrew/Cellar/texlive/20250308_1/share/texmf-dist/tex/generic/pdfescape/pdfescape.sty
Package: pdfescape 2019/12/09 v1.15 Implements pdfTeX's escape features (HO)
 (/home/linuxbrew/.linuxbrew/Cellar/texlive/20250308_1/share/texmf-dist/tex/generic/ltxcmds/ltxcmds.sty
Package: ltxcmds 2023-12-04 v1.26 LaTeX kernel commands for general use (HO)
) (/home/linuxbrew/.linuxbrew/Cellar/texlive/20250308_1/share/texmf-dist/tex/generic/pdftexcmds/pdftexcmds.sty
Package: pdftexcmds 2020-06-27 v0.33 Utility functions of pdfTeX for LuaTeX (HO)
 (/home/linuxbrew/.linuxbrew/Cellar/texlive/20250308_1/share/texmf-dist/tex/generic/infwarerr/infwarerr.sty
Package: infwarerr 2019/12/03 v1.5 Providing info/warning/error messages (HO)
)
Package pdftexcmds Info: \pdf@primitive is available.
Package pdftexcmds Info: \pdf@ifprimitive is available.
Package pdftexcmds Info: \pdfdraftmode found.
)) (/home/linuxbrew/.linuxbrew/Cellar/texlive/20250308_1/share/texmf-dist/tex/latex/hycolor/hycolor.sty
Package: hycolor 2020-01-27 v1.10 Color options for hyperref/bookmark (HO)
) (/home/linuxbrew/.linuxbrew/Cellar/texlive/20250308_1/share/texmf-dist/tex/latex/hyperref/nameref.sty
Package: nameref 2023-11-26 v2.56 Cross-referencing by name of section
 (/home/linuxbrew/.linuxbrew/Cellar/texlive/20250308_1/share/texmf-dist/tex/latex/refcount/refcount.sty
Package: refcount 2019/12/15 v3.6 Data extraction from label references (HO)
) (/home/linuxbrew/.linuxbrew/Cellar/texlive/20250308_1/share/texmf-dist/tex/generic/gettitlestring/gettitlestring.sty
Package: gettitlestring 2019/12/15 v1.6 Cleanup title references (HO)

(/home/linuxbrew/.linuxbrew/Cellar/texlive/20250308_1/share/texmf-dist/tex/latex/kvoptions/kvoptions.sty
Package: kvoptions 2022-06-15 v3.15 Key value format for package options (HO)
))
\c@section@level=\count270
) (/home/linuxbrew/.linuxbrew/Cellar/texlive/20250308_1/share/texmf-dist/tex/latex/etoolbox/etoolbox.sty
Package: etoolbox 2025/02/11 v2.5l e-TeX tools for LaTeX (JAW)
\etb@tempcnta=\count271
) (/home/linuxbrew/.linuxbrew/Cellar/texlive/20250308_1/share/texmf-dist/tex/generic/stringenc/stringenc.sty
Package: stringenc 2019/11/29 v1.12 Convert strings between diff. encodings (HO)
)
\@linkdim=\dimen142
\Hy@linkcounter=\count272
\Hy@pagecounter=\count273
 (/home/linuxbrew/.linuxbrew/Cellar/texlive/20250308_1/share/texmf-dist/tex/latex/hyperref/pd1enc.def
File: pd1enc.def 2024-11-05 v7.01l Hyperref: PDFDocEncoding definition (HO)
Now handling font encoding PD1 ...
... no UTF-8 mapping file for font encoding PD1
) (/home/linuxbrew/.linuxbrew/Cellar/texlive/20250308_1/share/texmf-dist/tex/generic/intcalc/intcalc.sty
Package: intcalc 2019/12/15 v1.3 Expandable calculations with integers (HO)
)
\Hy@SavedSpaceFactor=\count274
 (/home/linuxbrew/.linuxbrew/Cellar/texlive/20250308_1/share/texmf-dist/tex/latex/hyperref/puenc.def
File: puenc.def 2024-11-05 v7.01l Hyperref: PDF Unicode definition (HO)
Now handling font encoding PU ...
... no UTF-8 mapping file for font encoding PU
)
Package hyperref Info: Hyper figures OFF on input line 4157.
Package hyperref Info: Link nesting OFF on input line 4162.
Package hyperref Info: Hyper index ON on input line 4165.
Package hyperref Info: Plain pages OFF on input line 4172.
Package hyperref Info: Backreferencing OFF on input line 4177.
Package hyperref Info: Implicit mode ON; LaTeX internals redefined.
Package hyperref Info: Bookmarks ON on input line 4424.
\c@Hy@tempcnt=\count275
 (/home/linuxbrew/.linuxbrew/Cellar/texlive/20250308_1/share/texmf-dist/tex/latex/url/url.sty
\Urlmuskip=\muskip17
Package: url 2013/09/16  ver 3.4  Verb mode for urls, etc.
)
LaTeX Info: Redefining \url on input line 4763.
\XeTeXLinkMargin=\dimen143
 (/home/linuxbrew/.linuxbrew/Cellar/texlive/20250308_1/share/texmf-dist/tex/generic/bitset/bitset.sty
Package: bitset 2019/12/09 v1.3 Handle bit-vector datatype (HO)
 (/home/linuxbrew/.linuxbrew/Cellar/texlive/20250308_1/share/texmf-dist/tex/generic/bigintcalc/bigintcalc.sty
Package: bigintcalc 2019/12/15 v1.5 Expandable calculations on big integers (HO)
))
\Fld@menulength=\count276
\Field@Width=\dimen144
\Fld@charsize=\dimen145
Package hyperref Info: Hyper figures OFF on input line 6042.
Package hyperref Info: Link nesting OFF on input line 6047.
Package hyperref Info: Hyper index ON on input line 6050.
Package hyperref Info: backreferencing OFF on input line 6057.
Package hyperref Info: Link coloring OFF on input line 6062.
Package hyperref Info: Link coloring with OCG OFF on input line 6067.
Package hyperref Info: PDF/A mode OFF on input line 6072.
 (/home/linuxbrew/.linuxbrew/Cellar/texlive/20250308_1/share/texmf-dist/tex/latex/base/atbegshi-ltx.sty
Package: atbegshi-ltx 2021/01/10 v1.0c Emulation of the original atbegshi
package with kernel methods
)
\Hy@abspage=\count277
\c@Item=\count278
\c@Hfootnote=\count279
)
Package hyperref Info: Driver (autodetected): hpdftex.
 (/home/linuxbrew/.linuxbrew/Cellar/texlive/20250308_1/share/texmf-dist/tex/latex/hyperref/hpdftex.def
File: hpdftex.def 2024-11-05 v7.01l Hyperref driver for pdfTeX
 (/home/linuxbrew/.linuxbrew/Cellar/texlive/20250308_1/share/texmf-dist/tex/latex/base/atveryend-ltx.sty
Package: atveryend-ltx 2020/08/19 v1.0a Emulation of the original atveryend package
with kernel methods
)
\Fld@listcount=\count280
\c@bookmark@seq@number=\count281
 (/home/linuxbrew/.linuxbrew/Cellar/texlive/20250308_1/share/texmf-dist/tex/latex/rerunfilecheck/rerunfilecheck.sty
Package: rerunfilecheck 2022-07-10 v1.10 Rerun checks for auxiliary files (HO)
 (/home/linuxbrew/.linuxbrew/Cellar/texlive/20250308_1/share/texmf-dist/tex/generic/uniquecounter/uniquecounter.sty
Package: uniquecounter 2019/12/15 v1.4 Provide unlimited unique counter (HO)
)
Package uniquecounter Info: New unique counter `rerunfilecheck' on input line 285.
)
\Hy@SectionHShift=\skip51
) (/home/linuxbrew/.linuxbrew/Cellar/texlive/20250308_1/share/texmf-dist/tex/latex/caption/subcaption.sty
Package: subcaption 2023/07/28 v1.6b Sub-captions (AR)
 (/home/linuxbrew/.linuxbrew/Cellar/texlive/20250308_1/share/texmf-dist/tex/latex/caption/caption.sty
Package: caption 2023/08/05 v3.6o Customizing captions (AR)
 (/home/linuxbrew/.linuxbrew/Cellar/texlive/20250308_1/share/texmf-dist/tex/latex/caption/caption3.sty
Package: caption3 2023/07/31 v2.4d caption3 kernel (AR)
\caption@tempdima=\dimen146
\captionmargin=\dimen147
\caption@leftmargin=\dimen148
\caption@rightmargin=\dimen149
\caption@width=\dimen150
\caption@indent=\dimen151
\caption@parindent=\dimen152
\caption@hangindent=\dimen153
Package caption Info: Standard document class detected.
)
\c@caption@flags=\count282
\c@continuedfloat=\count283
Package caption Info: hyperref package is loaded.
)
Package caption Info: New subtype `subfigure' on input line 238.
\c@subfigure=\count284
Package caption Info: New subtype `subtable' on input line 238.
\c@subtable=\count285
) (/home/linuxbrew/.linuxbrew/Cellar/texlive/20250308_1/share/texmf-dist/tex/latex/graphics/graphicx.sty
Package: graphicx 2021/09/16 v1.2d Enhanced LaTeX Graphics (DPC,SPQR)
 (/home/linuxbrew/.linuxbrew/Cellar/texlive/20250308_1/share/texmf-dist/tex/latex/graphics/graphics.sty
Package: graphics 2024/08/06 v1.4g Standard LaTeX Graphics (DPC,SPQR)

(/home/linuxbrew/.linuxbrew/Cellar/texlive/20250308_1/share/texmf-dist/tex/latex/graphics/trig.sty
Package: trig 2023/12/02 v1.11 sin cos tan (DPC)
) (/home/linuxbrew/.linuxbrew/Cellar/texlive/20250308_1/share/texmf-dist/tex/latex/graphics-cfg/graphics.cfg
File: graphics.cfg 2016/06/04 v1.11 sample graphics configuration
)
Package graphics Info: Driver file: pdftex.def on input line 106.
)
\Gin@req@height=\dimen154
\Gin@req@width=\dimen155
) (/home/linuxbrew/.linuxbrew/Cellar/texlive/20250308_1/share/texmf-dist/tex/latex/wrapfig/wrapfig.sty
\wrapoverhang=\dimen156
\WF@size=\dimen157
\c@WF@wrappedlines=\count286
\WF@box=\box52
\WF@everypar=\toks18
Package: wrapfig 2003/01/31  v 3.6
) (/home/linuxbrew/.linuxbrew/Cellar/texlive/20250308_1/share/texmf-dist/tex/latex/amsmath/amsmath.sty
Package: amsmath 2024/11/05 v2.17t AMS math features
\@mathmargin=\skip52

For additional information on amsmath, use the `?' option.
(/home/linuxbrew/.linuxbrew/Cellar/texlive/20250308_1/share/texmf-dist/tex/latex/amsmath/amstext.sty
Package: amstext 2021/08/26 v2.01 AMS text
 (/home/linuxbrew/.linuxbrew/Cellar/texlive/20250308_1/share/texmf-dist/tex/latex/amsmath/amsgen.sty
File: amsgen.sty 1999/11/30 v2.0 generic functions
\@emptytoks=\toks19
\ex@=\dimen158
)) (/home/linuxbrew/.linuxbrew/Cellar/texlive/20250308_1/share/texmf-dist/tex/latex/amsmath/amsbsy.sty
Package: amsbsy 1999/11/29 v1.2d Bold Symbols
\pmbraise@=\dimen159
) (/home/linuxbrew/.linuxbrew/Cellar/texlive/20250308_1/share/texmf-dist/tex/latex/amsmath/amsopn.sty
Package: amsopn 2022/04/08 v2.04 operator names
)
\inf@bad=\count287
LaTeX Info: Redefining \frac on input line 233.
\uproot@=\count288
\leftroot@=\count289
LaTeX Info: Redefining \overline on input line 398.
LaTeX Info: Redefining \colon on input line 409.
\classnum@=\count290
\DOTSCASE@=\count291
LaTeX Info: Redefining \ldots on input line 495.
LaTeX Info: Redefining \dots on input line 498.
LaTeX Info: Redefining \cdots on input line 619.
\Mathstrutbox@=\box53
\strutbox@=\box54
LaTeX Info: Redefining \big on input line 721.
LaTeX Info: Redefining \Big on input line 722.
LaTeX Info: Redefining \bigg on input line 723.
LaTeX Info: Redefining \Bigg on input line 724.
\big@size=\dimen160
LaTeX Font Info:    Redeclaring font encoding OML on input line 742.
LaTeX Font Info:    Redeclaring font encoding OMS on input line 743.
\macc@depth=\count292
LaTeX Info: Redefining \bmod on input line 904.
LaTeX Info: Redefining \pmod on input line 909.
LaTeX Info: Redefining \smash on input line 939.
LaTeX Info: Redefining \relbar on input line 969.
LaTeX Info: Redefining \Relbar on input line 970.
\c@MaxMatrixCols=\count293
\dotsspace@=\muskip18
\c@parentequation=\count294
\dspbrk@lvl=\count295
\tag@help=\toks20
\row@=\count296
\column@=\count297
\maxfields@=\count298
\andhelp@=\toks21
\eqnshift@=\dimen161
\alignsep@=\dimen162
\tagshift@=\dimen163
\tagwidth@=\dimen164
\totwidth@=\dimen165
\lineht@=\dimen166
\@envbody=\toks22
\multlinegap=\skip53
\multlinetaggap=\skip54
\mathdisplay@stack=\toks23
LaTeX Info: Redefining \[ on input line 2953.
LaTeX Info: Redefining \] on input line 2954.
) (/home/linuxbrew/.linuxbrew/Cellar/texlive/20250308_1/share/texmf-dist/tex/latex/tools/array.sty
Package: array 2024/10/17 v2.6g Tabular extension package (FMi)
\col@sep=\dimen167
\ar@mcellbox=\box55
\extrarowheight=\dimen168
\NC@list=\toks24
\extratabsurround=\skip55
\backup@length=\skip56
\ar@cellbox=\box56
) (/home/linuxbrew/.linuxbrew/Cellar/texlive/20250308_1/share/texmf-dist/tex/latex/geometry/geometry.sty
Package: geometry 2020/01/02 v5.9 Page Geometry
 (/home/linuxbrew/.linuxbrew/Cellar/texlive/20250308_1/share/texmf-dist/tex/generic/iftex/ifvtex.sty
Package: ifvtex 2019/10/25 v1.7 ifvtex legacy package. Use iftex instead.
)
\Gm@cnth=\count299
\Gm@cntv=\count300
\c@Gm@tempcnt=\count301
\Gm@bindingoffset=\dimen169
\Gm@wd@mp=\dimen170
\Gm@odd@mp=\dimen171
\Gm@even@mp=\dimen172
\Gm@layoutwidth=\dimen173
\Gm@layoutheight=\dimen174
\Gm@layouthoffset=\dimen175
\Gm@layoutvoffset=\dimen176
\Gm@dimlist=\toks25
) (/home/linuxbrew/.linuxbrew/Cellar/texlive/20250308_1/share/texmf-dist/tex/latex/l3backend/l3backend-pdftex.def
File: l3backend-pdftex.def 2024-05-08 L3 backend support: PDF output (pdfTeX)
\l__color_backend_stack_int=\count302
\l__pdf_internal_box=\box57
) (build/Maturaarbeit.aux

LaTeX Warning: Label `fig:RNDD_one-iter' multiply defined.


LaTeX Warning: Label `sub@fig:RNDD_one-iter' multiply defined.


LaTeX Warning: Label `fig:ALWS_one-iter' multiply defined.


LaTeX Warning: Label `sub@fig:ALWS_one-iter' multiply defined.


LaTeX Warning: Label `fig:two_one-iter' multiply defined.

)
\openout1 = `Maturaarbeit.aux'.

LaTeX Font Info:    Checking defaults for OML/cmm/m/it on input line 28.
LaTeX Font Info:    ... okay on input line 28.
LaTeX Font Info:    Checking defaults for OMS/cmsy/m/n on input line 28.
LaTeX Font Info:    ... okay on input line 28.
LaTeX Font Info:    Checking defaults for OT1/cmr/m/n on input line 28.
LaTeX Font Info:    ... okay on input line 28.
LaTeX Font Info:    Checking defaults for T1/cmr/m/n on input line 28.
LaTeX Font Info:    ... okay on input line 28.
LaTeX Font Info:    Checking defaults for TS1/cmr/m/n on input line 28.
LaTeX Font Info:    ... okay on input line 28.
LaTeX Font Info:    Checking defaults for OMX/cmex/m/n on input line 28.
LaTeX Font Info:    ... okay on input line 28.
LaTeX Font Info:    Checking defaults for U/cmr/m/n on input line 28.
LaTeX Font Info:    ... okay on input line 28.
LaTeX Font Info:    Checking defaults for PD1/pdf/m/n on input line 28.
LaTeX Font Info:    ... okay on input line 28.
LaTeX Font Info:    Checking defaults for PU/pdf/m/n on input line 28.
LaTeX Font Info:    ... okay on input line 28.
 (/home/linuxbrew/.linuxbrew/Cellar/texlive/20250308_1/share/texmf-dist/tex/context/base/mkii/supp-pdf.mkii
[Loading MPS to PDF converter (version 2006.09.02).]
\scratchcounter=\count303
\scratchdimen=\dimen177
\scratchbox=\box58
\nofMPsegments=\count304
\nofMParguments=\count305
\everyMPshowfont=\toks26
\MPscratchCnt=\count306
\MPscratchDim=\dimen178
\MPnumerator=\count307
\makeMPintoPDFobject=\count308
\everyMPtoPDFconversion=\toks27
) (/home/linuxbrew/.linuxbrew/Cellar/texlive/20250308_1/share/texmf-dist/tex/latex/epstopdf-pkg/epstopdf-base.sty
Package: epstopdf-base 2020-01-24 v2.11 Base part for package epstopdf
Package epstopdf-base Info: Redefining graphics rule for `.eps' on input line 485.
 (/home/linuxbrew/.linuxbrew/Cellar/texlive/20250308_1/share/texmf-dist/tex/latex/latexconfig/epstopdf-sys.cfg
File: epstopdf-sys.cfg 2010/07/13 v1.3 Configuration of (r)epstopdf for TeX Live
))
Package hyperref Info: Link coloring OFF on input line 28.
 (build/Maturaarbeit.out) (build/Maturaarbeit.out)
\@outlinefile=\write3
\openout3 = `Maturaarbeit.out'.

Package caption Info: Begin \AtBeginDocument code.
Package caption Info: wrapfig package is loaded.
Package caption Info: End \AtBeginDocument code.

*geometry* driver: auto-detecting
*geometry* detected driver: pdftex
*geometry* verbose mode - [ preamble ] result:
* driver: pdftex
* paper: a4paper
* layout: <same size as paper>
* layoutoffset:(h,v)=(0.0pt,0.0pt)
* modes: 
* h-part:(L,W,R)=(72.26999pt, 452.9679pt, 72.26999pt)
* v-part:(T,H,B)=(72.26999pt, 700.50687pt, 72.26999pt)
* \paperwidth=597.50787pt
* \paperheight=845.04684pt
* \textwidth=452.9679pt
* \textheight=700.50687pt
* \oddsidemargin=0.0pt
* \evensidemargin=0.0pt
* \topmargin=-37.0pt
* \headheight=12.0pt
* \headsep=25.0pt
* \topskip=10.0pt
* \footskip=18.06749pt
* \marginparwidth=65.0pt
* \marginparsep=11.0pt
* \columnsep=10.0pt
* \skip\footins=9.0pt plus 4.0pt minus 2.0pt
* \hoffset=0.0pt
* \voffset=0.0pt
* \mag=1000
* \@twocolumnfalse
* \@twosidefalse
* \@mparswitchfalse
* \@reversemarginfalse
* (1in=72.27pt=25.4mm, 1cm=28.453pt)



[1

{/home/linuxbrew/.linuxbrew/Cellar/texlive/20250308_1/share/texmf-dist/fonts/map/pdftex/updmap/pdftex.map}] (build/Maturaarbeit.toc)
\tf@toc=\write4
\openout4 = `Maturaarbeit.toc'.



[2]
Underfull \hbox (badness 10000) in paragraph at lines 46--51

 []


Underfull \hbox (badness 10000) in paragraph at lines 52--55

 []


Underfull \hbox (badness 10000) in paragraph at lines 56--58

 []


Underfull \hbox (badness 10000) in paragraph at lines 59--63

 []


Underfull \hbox (badness 10000) in paragraph at lines 64--67

 []


Underfull \hbox (badness 10000) in paragraph at lines 68--71

 []


Underfull \hbox (badness 10000) in paragraph at lines 72--74

 []


Underfull \hbox (badness 10000) in paragraph at lines 75--79

 []


Underfull \hbox (badness 10000) in paragraph at lines 80--83

 []



[3{/home/linuxbrew/.linuxbrew/Cellar/texlive/20250308_1/share/texmf-dist/fonts/enc/dvips/cm-super/cm-super-ts1.enc}]
Underfull \hbox (badness 10000) in paragraph at lines 158--168

 []



[4]
Underfull \hbox (badness 10000) in paragraph at lines 217--244

 []

<images/pd_heatmap_A.png, id=148, 369.2997pt x 341.8371pt>
File: images/pd_heatmap_A.png Graphic file (type png)
<use images/pd_heatmap_A.png>
Package pdftex.def Info: images/pd_heatmap_A.png  used on input line 256.
(pdftex.def)             Requested size: 203.83417pt x 188.6734pt.
<images/pd_heatmap_B.png, id=150, 369.2997pt x 341.8371pt>
File: images/pd_heatmap_B.png Graphic file (type png)
<use images/pd_heatmap_B.png>
Package pdftex.def Info: images/pd_heatmap_B.png  used on input line 257.
(pdftex.def)             Requested size: 203.83417pt x 188.6734pt.


[5 <./images/pd_heatmap_A.png> <./images/pd_heatmap_B.png>]
Underfull \hbox (badness 10000) in paragraph at lines 343--348

 []


Underfull \hbox (badness 10000) in paragraph at lines 349--356

 []


Underfull \hbox (badness 10000) in paragraph at lines 357--361

 []


Underfull \hbox (badness 10000) in paragraph at lines 362--368

 []



[6]
Overfull \hbox (5.03293pt too wide) in paragraph at lines 393--394
\OT1/cmr/m/n/10 As jus-ti-fied be-fore, five strate-gies, namely Random-Discrete, Random-Continuous, Adapt-Discrete, Adapt-
 []


Underfull \hbox (badness 10000) in paragraph at lines 400--412

 []


Underfull \hbox (badness 10000) in paragraph at lines 418--431

 []



[7]
Underfull \hbox (badness 10000) in paragraph at lines 435--439

 []


Underfull \hbox (badness 10000) in paragraph at lines 447--451

 []


Underfull \hbox (badness 10000) in paragraph at lines 463--466

 []


Underfull \hbox (badness 10000) in paragraph at lines 485--491

 []



[8]
Underfull \hbox (badness 10000) in paragraph at lines 517--539

 []


Underfull \hbox (badness 10000) in paragraph at lines 540--548

 []



[9]
Overfull \hbox (10.91647pt too wide) in paragraph at lines 631--631
[]|[]| 
 []


LaTeX Warning: File `plots/Random-Discrete/Random-Discrete_vs_Random-Discrete_2/Random-Discrete.png' not found on input line 632.


./Maturaarbeit.tex:632: Package pdftex.def Error: File `plots/Random-Discrete/Random-Discrete_vs_Random-Discrete_2/Random-Discrete.png' not found: using draft setting.

See the pdftex.def package documentation for explanation.
Type  H <return>  for immediate help.
 ...                                              
                                                  
l.632 ...vs_Random-Discrete_2/Random-Discrete.png}
                                                   &
Try typing  <return>  to proceed.
If that doesn't work, type  X <return>  to quit.


LaTeX Warning: File `plots/Random-Discrete/Random-Discrete_vs_Random-Continuous/Random-Discrete.png' not found on input line 633.


./Maturaarbeit.tex:633: Package pdftex.def Error: File `plots/Random-Discrete/Random-Discrete_vs_Random-Continuous/Random-Discrete.png' not found: using draft setting.

See the pdftex.def package documentation for explanation.
Type  H <return>  for immediate help.
 ...                                              
                                                  
l.633 ...vs_Random-Continuous/Random-Discrete.png}
                                                   &
Try typing  <return>  to proceed.
If that doesn't work, type  X <return>  to quit.


LaTeX Warning: File `plots/Random-Discrete/Random-Discrete_vs_AlwaysSame/Random-Discrete.png' not found on input line 634.


./Maturaarbeit.tex:634: Package pdftex.def Error: File `plots/Random-Discrete/Random-Discrete_vs_AlwaysSame/Random-Discrete.png' not found: using draft setting.

See the pdftex.def package documentation for explanation.
Type  H <return>  for immediate help.
 ...                                              
                                                  
l.634 ...screte_vs_AlwaysSame/Random-Discrete.png}
                                                   &
Try typing  <return>  to proceed.
If that doesn't work, type  X <return>  to quit.


LaTeX Warning: File `plots/Random-Discrete/Random-Discrete_vs_Adapt-Discrete/Random-Discrete.png' not found on input line 635.


./Maturaarbeit.tex:635: Package pdftex.def Error: File `plots/Random-Discrete/Random-Discrete_vs_Adapt-Discrete/Random-Discrete.png' not found: using draft setting.

See the pdftex.def package documentation for explanation.
Type  H <return>  for immediate help.
 ...                                              
                                                  
l.635 ...te_vs_Adapt-Discrete/Random-Discrete.png}
                                                   &
Try typing  <return>  to proceed.
If that doesn't work, type  X <return>  to quit.


LaTeX Warning: File `plots/Random-Discrete/Random-Discrete_vs_Adapt-Continuous/Random-Discrete.png' not found on input line 636.


./Maturaarbeit.tex:636: Package pdftex.def Error: File `plots/Random-Discrete/Random-Discrete_vs_Adapt-Continuous/Random-Discrete.png' not found: using draft setting.

See the pdftex.def package documentation for explanation.
Type  H <return>  for immediate help.
 ...                                              
                                                  
l.636 ..._vs_Adapt-Continuous/Random-Discrete.png}
                                                   \\[0.5cm]
Try typing  <return>  to proceed.
If that doesn't work, type  X <return>  to quit.


Overfull \hbox (0.86092pt too wide) in paragraph at lines 639--639
[]|[]| 
 []


LaTeX Warning: File `plots/Random-Discrete/Random-Discrete_vs_Random-Discrete_2/Random-Discrete_2.png' not found on input line 640.


./Maturaarbeit.tex:640: Package pdftex.def Error: File `plots/Random-Discrete/Random-Discrete_vs_Random-Discrete_2/Random-Discrete_2.png' not found: using draft setting.

See the pdftex.def package documentation for explanation.
Type  H <return>  for immediate help.
 ...                                              
                                                  
l.640 ..._Random-Discrete_2/Random-Discrete_2.png}
                                                   &
Try typing  <return>  to proceed.
If that doesn't work, type  X <return>  to quit.


LaTeX Warning: File `plots/Random-Discrete/Random-Discrete_vs_Random-Continuous/Random-Continuous.png' not found on input line 641.


./Maturaarbeit.tex:641: Package pdftex.def Error: File `plots/Random-Discrete/Random-Discrete_vs_Random-Continuous/Random-Continuous.png' not found: using draft setting.

See the pdftex.def package documentation for explanation.
Type  H <return>  for immediate help.
 ...                                              
                                                  
l.641 ..._Random-Continuous/Random-Continuous.png}
                                                   &
Try typing  <return>  to proceed.
If that doesn't work, type  X <return>  to quit.


LaTeX Warning: File `plots/Random-Discrete/Random-Discrete_vs_AlwaysSame/AlwaysSame.png' not found on input line 642.


./Maturaarbeit.tex:642: Package pdftex.def Error: File `plots/Random-Discrete/Random-Discrete_vs_AlwaysSame/AlwaysSame.png' not found: using draft setting.

See the pdftex.def package documentation for explanation.
Type  H <return>  for immediate help.
 ...                                              
                                                  
l.642 ...om-Discrete_vs_AlwaysSame/AlwaysSame.png}
                                                   &
Try typing  <return>  to proceed.
If that doesn't work, type  X <return>  to quit.


LaTeX Warning: File `plots/Random-Discrete/Random-Discrete_vs_Adapt-Discrete/Adapt-Discrete.png' not found on input line 643.


./Maturaarbeit.tex:643: Package pdftex.def Error: File `plots/Random-Discrete/Random-Discrete_vs_Adapt-Discrete/Adapt-Discrete.png' not found: using draft setting.

See the pdftex.def package documentation for explanation.
Type  H <return>  for immediate help.
 ...                                              
                                                  
l.643 ...ete_vs_Adapt-Discrete/Adapt-Discrete.png}
                                                   &
Try typing  <return>  to proceed.
If that doesn't work, type  X <return>  to quit.


LaTeX Warning: File `plots/Random-Discrete/Random-Discrete_vs_Adapt-Continuous/Adapt-Continuous.png' not found on input line 644.


./Maturaarbeit.tex:644: Package pdftex.def Error: File `plots/Random-Discrete/Random-Discrete_vs_Adapt-Continuous/Adapt-Continuous.png' not found: using draft setting.

See the pdftex.def package documentation for explanation.
Type  H <return>  for immediate help.
 ...                                              
                                                  
l.644 ...vs_Adapt-Continuous/Adapt-Continuous.png}
                                                   \\[0.5cm]
Try typing  <return>  to proceed.
If that doesn't work, type  X <return>  to quit.


Overfull \hbox (11.0276pt too wide) in paragraph at lines 647--647
[]|[]| 
 []


LaTeX Warning: File `plots/Random-Discrete/Random-Discrete_vs_Random-Discrete_2/Random-Discrete_diff.png' not found on input line 648.


./Maturaarbeit.tex:648: Package pdftex.def Error: File `plots/Random-Discrete/Random-Discrete_vs_Random-Discrete_2/Random-Discrete_diff.png' not found: using draft setting.

See the pdftex.def package documentation for explanation.
Type  H <return>  for immediate help.
 ...                                              
                                                  
l.648 ...ndom-Discrete_2/Random-Discrete_diff.png}
                                                   &
Try typing  <return>  to proceed.
If that doesn't work, type  X <return>  to quit.


LaTeX Warning: File `plots/Random-Discrete/Random-Discrete_vs_Random-Continuous/Random-Discrete_diff.png' not found on input line 649.


./Maturaarbeit.tex:649: Package pdftex.def Error: File `plots/Random-Discrete/Random-Discrete_vs_Random-Continuous/Random-Discrete_diff.png' not found: using draft setting.

See the pdftex.def package documentation for explanation.
Type  H <return>  for immediate help.
 ...                                              
                                                  
l.649 ...ndom-Continuous/Random-Discrete_diff.png}
                                                   &
Try typing  <return>  to proceed.
If that doesn't work, type  X <return>  to quit.


LaTeX Warning: File `plots/Random-Discrete/Random-Discrete_vs_AlwaysSame/Random-Discrete_diff.png' not found on input line 650.


./Maturaarbeit.tex:650: Package pdftex.def Error: File `plots/Random-Discrete/Random-Discrete_vs_AlwaysSame/Random-Discrete_diff.png' not found: using draft setting.

See the pdftex.def package documentation for explanation.
Type  H <return>  for immediate help.
 ...                                              
                                                  
l.650 ...e_vs_AlwaysSame/Random-Discrete_diff.png}
                                                   &
Try typing  <return>  to proceed.
If that doesn't work, type  X <return>  to quit.


LaTeX Warning: File `plots/Random-Discrete/Random-Discrete_vs_Adapt-Discrete/Random-Discrete_diff.png' not found on input line 651.


./Maturaarbeit.tex:651: Package pdftex.def Error: File `plots/Random-Discrete/Random-Discrete_vs_Adapt-Discrete/Random-Discrete_diff.png' not found: using draft setting.

See the pdftex.def package documentation for explanation.
Type  H <return>  for immediate help.
 ...                                              
                                                  
l.651 ..._Adapt-Discrete/Random-Discrete_diff.png}
                                                   &
Try typing  <return>  to proceed.
If that doesn't work, type  X <return>  to quit.


LaTeX Warning: File `plots/Random-Discrete/Random-Discrete_vs_Adapt-Continuous/Random-Discrete_diff.png' not found on input line 652.


./Maturaarbeit.tex:652: Package pdftex.def Error: File `plots/Random-Discrete/Random-Discrete_vs_Adapt-Continuous/Random-Discrete_diff.png' not found: using draft setting.

See the pdftex.def package documentation for explanation.
Type  H <return>  for immediate help.
 ...                                              
                                                  
l.652 ...dapt-Continuous/Random-Discrete_diff.png}
                                                   \\[0.5cm]
Try typing  <return>  to proceed.
If that doesn't work, type  X <return>  to quit.


Overfull \hbox (0.97205pt too wide) in paragraph at lines 655--655
[]|[]| 
 []


LaTeX Warning: File `plots/Random-Discrete/Random-Discrete_vs_Random-Discrete_2/Random-Discrete_2_diff.png' not found on input line 656.


./Maturaarbeit.tex:656: Package pdftex.def Error: File `plots/Random-Discrete/Random-Discrete_vs_Random-Discrete_2/Random-Discrete_2_diff.png' not found: using draft setting.

See the pdftex.def package documentation for explanation.
Type  H <return>  for immediate help.
 ...                                              
                                                  
l.656 ...om-Discrete_2/Random-Discrete_2_diff.png}
                                                   &
Try typing  <return>  to proceed.
If that doesn't work, type  X <return>  to quit.


LaTeX Warning: File `plots/Random-Discrete/Random-Discrete_vs_Random-Continuous/Random-Continuous_diff.png' not found on input line 657.


./Maturaarbeit.tex:657: Package pdftex.def Error: File `plots/Random-Discrete/Random-Discrete_vs_Random-Continuous/Random-Continuous_diff.png' not found: using draft settin